Flow report for DE2_115_WEB_SERVER
Tue Mar 07 20:42:00 2017
Quartus II 64-Bit Version 12.1 Build 243 01/31/2013 Service Pack 1 SJ Web Edition


---------------------
; Table of Contents ;
---------------------
  1. Legal Notice
  2. Flow Summary
  3. Flow Settings
  4. Flow Non-Default Global Settings
  5. Flow Elapsed Time
  6. Flow OS Summary
  7. Flow Log



----------------
; Legal Notice ;
----------------
Copyright (C) 1991-2012 Altera Corporation
Your use of Altera Corporation's design tools, logic functions 
and other software and tools, and its AMPP partner logic 
functions, and any output files from any of the foregoing 
(including device programming or simulation files), and any 
associated documentation or information are expressly subject 
to the terms and conditions of the Altera Program License 
Subscription Agreement, Altera MegaCore Function License 
Agreement, or other applicable license agreement, including, 
without limitation, that your use is for the sole purpose of 
programming logic devices manufactured by Altera and sold by 
Altera or its authorized distributors.  Please refer to the 
applicable agreement for further details.



+------------------------------------------------------------------------------------+
; Flow Summary                                                                       ;
+------------------------------------+-----------------------------------------------+
; Flow Status                        ; Successful - Tue Mar 07 20:42:00 2017         ;
; Quartus II 64-Bit Version          ; 12.1 Build 243 01/31/2013 SP 1 SJ Web Edition ;
; Revision Name                      ; DE2_115_WEB_SERVER                            ;
; Top-level Entity Name              ; DE2_115_WEB_SERVER                            ;
; Family                             ; Cyclone IV E                                  ;
; Device                             ; EP4CE115F29C7                                 ;
; Timing Models                      ; Final                                         ;
; Total logic elements               ; 18,609 / 114,480 ( 16 % )                     ;
;     Total combinational functions  ; 15,663 / 114,480 ( 14 % )                     ;
;     Dedicated logic registers      ; 10,980 / 114,480 ( 10 % )                     ;
; Total registers                    ; 11030                                         ;
; Total pins                         ; 340 / 529 ( 64 % )                            ;
; Total virtual pins                 ; 0                                             ;
; Total memory bits                  ; 543,968 / 3,981,312 ( 14 % )                  ;
; Embedded Multiplier 9-bit elements ; 6 / 532 ( 1 % )                               ;
; Total PLLs                         ; 2 / 4 ( 50 % )                                ;
+------------------------------------+-----------------------------------------------+


+-----------------------------------------+
; Flow Settings                           ;
+-------------------+---------------------+
; Option            ; Setting             ;
+-------------------+---------------------+
; Start date & time ; 03/07/2017 20:26:36 ;
; Main task         ; Compilation         ;
; Revision Name     ; DE2_115_WEB_SERVER  ;
+-------------------+---------------------+


+--------------------------------------------------------------------------------------------------------------------------------------------------------------------------------------------+
; Flow Non-Default Global Settings                                                                                                                                                           ;
+-------------------------------------+----------------------------------------------------------------------------------------------------------+---------------+--------------+------------+
; Assignment Name                     ; Value                                                                                                    ; Default Value ; Entity Name  ; Section Id ;
+-------------------------------------+----------------------------------------------------------------------------------------------------------+---------------+--------------+------------+
; COMPILER_SIGNATURE_ID               ; 30902508590949.148891479602000                                                                           ; --            ; --           ; --         ;
; IP_TOOL_ENV                         ; sopc                                                                                                     ; --            ; DE2_115_SOPC ; --         ;
; IP_TOOL_NAME                        ; ALTPLL                                                                                                   ; --            ; --           ; --         ;
; IP_TOOL_NAME                        ; ALTPLL                                                                                                   ; --            ; --           ; --         ;
; IP_TOOL_NAME                        ; ALTCLKCTRL                                                                                               ; --            ; --           ; --         ;
; IP_TOOL_NAME                        ; sopc                                                                                                     ; --            ; DE2_115_SOPC ; --         ;
; IP_TOOL_VERSION                     ; 9.1                                                                                                      ; --            ; --           ; --         ;
; IP_TOOL_VERSION                     ; 10.1                                                                                                     ; --            ; --           ; --         ;
; IP_TOOL_VERSION                     ; 10.1                                                                                                     ; --            ; --           ; --         ;
; IP_TOOL_VERSION                     ; 12.1sp1                                                                                                  ; --            ; DE2_115_SOPC ; --         ;
; MAX_CORE_JUNCTION_TEMP              ; 85                                                                                                       ; --            ; --           ; --         ;
; MIN_CORE_JUNCTION_TEMP              ; 0                                                                                                        ; --            ; --           ; --         ;
; MISC_FILE                           ; D:/svn/de2_115_golden_sopc/de2_115_golden_sopc.dpf                                                       ; --            ; --           ; --         ;
; MISC_FILE                           ; D:/Document/de2c4/de2_115_golden_sopc/de2_115_golden_sopc.dpf                                            ; --            ; --           ; --         ;
; MISC_FILE                           ; D:/Projects/DE2C4/trunk/test/de2_115_golden_sopc/de2_115_golden_sopc.dpf                                 ; --            ; --           ; --         ;
; MISC_FILE                           ; E:/DE2_115/trunk/ref_design/DE2_115_WEB_SERVER/DE2_115_WEB_SERVER.dpf                                    ; --            ; --           ; --         ;
; MISC_FILE                           ; E:/DE2_115_NEW/trunk/ref_design/DE2_115_WEB_SERVER/DE2_115_WEB_SERVER.dpf                                ; --            ; --           ; --         ;
; MISC_FILE                           ; E:/SVN/DE2_115/trunk/ref_design/DE2_115_Web_Server/DE2_115_WEB_SERVER_RGMII_ENET0/DE2_115_WEB_SERVER.dpf ; --            ; --           ; --         ;
; MISC_FILE                           ; C:/Users/Jorge/Desktop/DE2_115_WEB_SERVER_RGMII_ENET0/DE2_115_WEB_SERVER.dpf                             ; --            ; --           ; --         ;
; MISC_FILE                           ; C:/Users/ncsumatlab/Documents/quartus/VideoSensor/DE2_115/DE2_115_WEB_SERVER.dpf                         ; --            ; --           ; --         ;
; MISC_FILE                           ; altpllpll.bsf                                                                                            ; --            ; --           ; --         ;
; MISC_FILE                           ; altpllpll_bb.v                                                                                           ; --            ; --           ; --         ;
; MISC_FILE                           ; altpllpll.ppf                                                                                            ; --            ; --           ; --         ;
; MISC_FILE                           ; sdram_pll.ppf                                                                                            ; --            ; --           ; --         ;
; NOMINAL_CORE_SUPPLY_VOLTAGE         ; 1.2V                                                                                                     ; --            ; --           ; --         ;
; NUM_PARALLEL_PROCESSORS             ; 2                                                                                                        ; --            ; --           ; --         ;
; PARTITION_COLOR                     ; 16764057                                                                                                 ; --            ; --           ; Top        ;
; PARTITION_FITTER_PRESERVATION_LEVEL ; PLACEMENT_AND_ROUTING                                                                                    ; --            ; --           ; Top        ;
; PARTITION_NETLIST_TYPE              ; SOURCE                                                                                                   ; --            ; --           ; Top        ;
; POWER_BOARD_THERMAL_MODEL           ; None (CONSERVATIVE)                                                                                      ; --            ; --           ; --         ;
; POWER_PRESET_COOLING_SOLUTION       ; 23 MM HEAT SINK WITH 200 LFPM AIRFLOW                                                                    ; --            ; --           ; --         ;
; SEARCH_PATH                         ; ./ip/eth_ocm                                                                                             ; --            ; --           ; --         ;
; SMART_RECOMPILE                     ; On                                                                                                       ; Off           ; --           ; --         ;
; SOPC_BUILDER_SIGNATURE_ID           ; 1C1B0D0C17650000015AAA3BA5D6                                                                             ; --            ; --           ; --         ;
+-------------------------------------+----------------------------------------------------------------------------------------------------------+---------------+--------------+------------+


+--------------------------------------------------------------------------------------------------------------------------+
; Flow Elapsed Time                                                                                                        ;
+----------------------+--------------+-------------------------+---------------------+------------------------------------+
; Module Name          ; Elapsed Time ; Average Processors Used ; Peak Virtual Memory ; Total CPU Time (on all processors) ;
+----------------------+--------------+-------------------------+---------------------+------------------------------------+
; Analysis & Synthesis ; 00:01:13     ; 1.0                     ; 807 MB              ; 00:01:07                           ;
; Fitter               ; 00:13:51     ; 1.9                     ; 1453 MB             ; 00:14:20                           ;
; Assembler            ; 00:00:09     ; 1.0                     ; 542 MB              ; 00:00:05                           ;
; Total                ; 00:15:13     ; --                      ; --                  ; 00:15:32                           ;
+----------------------+--------------+-------------------------+---------------------+------------------------------------+


+-----------------------------------------------------------------------------------+
; Flow OS Summary                                                                   ;
+----------------------+------------------+-----------+------------+----------------+
; Module Name          ; Machine Hostname ; OS Name   ; OS Version ; Processor type ;
+----------------------+------------------+-----------+------------+----------------+
; Analysis & Synthesis ; DESKTOP-E7HL1MC  ; Windows 7 ; 6.2        ; x86_64         ;
; Fitter               ; DESKTOP-E7HL1MC  ; Windows 7 ; 6.2        ; x86_64         ;
; Assembler            ; DESKTOP-E7HL1MC  ; Windows 7 ; 6.2        ; x86_64         ;
+----------------------+------------------+-----------+------------+----------------+


------------
; Flow Log ;
------------
quartus_map --read_settings_files=on --write_settings_files=off DE2_115_WEB_SERVER -c DE2_115_WEB_SERVER
quartus_fit --read_settings_files=off --write_settings_files=off DE2_115_WEB_SERVER -c DE2_115_WEB_SERVER
quartus_asm --read_settings_files=off --write_settings_files=off DE2_115_WEB_SERVER -c DE2_115_WEB_SERVER



